Arguments: 
  /Users/joelnation/.nvm/versions/node/v12.16.1/bin/node /Users/joelnation/.nvm/versions/node/v12.16.1/bin/yarn link

PATH: 
  /Users/joelnation/.rvm/gems/ruby-2.4.0/bin:/Users/joelnation/.rvm/gems/ruby-2.4.0@global/bin:/Users/joelnation/.rvm/rubies/ruby-2.4.0/bin:/Users/joelnation/.rvm/bin:/Users/joelnation/.ebcli-virtual-env/executables:/Users/joelnation/bin:/Users/joelnation/.nvm/versions/node/v12.16.1/bin:/Users/joelnation/.rbenv/shims:/usr/local/bin:/usr/bin:/bin:/usr/sbin:/sbin:/usr/local/go/bin:/opt/X11/bin:/Library/Frameworks/Mono.framework/Versions/Current/Commands:/Users/joelnation/code/go/bin

Yarn version: 
  1.22.4

Node version: 
  12.16.1

Platform: 
  darwin x64

Trace: 
  SyntaxError: /Users/joelnation/code/imminently/better_decisions/decisively_interview/package.json: Unexpected token } in JSON at position 575
      at JSON.parse (<anonymous>)
      at /Users/joelnation/.nvm/versions/node/v12.16.1/lib/node_modules/yarn/lib/cli.js:1625:59
      at Generator.next (<anonymous>)
      at step (/Users/joelnation/.nvm/versions/node/v12.16.1/lib/node_modules/yarn/lib/cli.js:310:30)
      at /Users/joelnation/.nvm/versions/node/v12.16.1/lib/node_modules/yarn/lib/cli.js:321:13

npm manifest: 
  {
    "name": "@decisively/interview",
    "version": "0.0.1",
    "description": "Decisively Interview React SDK",
    "repository": "git://github.com/imminently/decisively_interview.git",
    "main": "dist/main.js",
    "scripts": {
      "build": "webpack --env=dev",
      "build:prod": "webpack --env=prod",
      "deploy": "yarn build:prod && yarn publish",
      "lint": "eslint ./src --fix",
      "watch:lint": "esw ./src --fix -w --ext .jsx",
      "test": "NODE_ENV=test && jest  --forceExit",
      "watch:test": "NODE_ENV=test && jest --watchAll",
      "storybook": "start-storybook"
    },
  }

yarn manifest: 
  No manifest

Lockfile: 
  No lockfile
